1604047543670	geckodriver	INFO	Listening on 127.0.0.1:62015
1604047546667	mozrunner::runner	INFO	Running command: "C:\\Program Files (x86)\\Mozilla Firefox\\firefox.exe" "--marionette" "-foreground" "-no-remote" "-profile" "C:\\Users\\Saignol\\AppData\\Local\\Temp\\rust_mozprofile6XNBXj"
Can't find symbol 'eglSwapBuffersWithDamageEXT'.
JavaScript error: resource://gre/modules/XULStore.jsm, line 66: Error: Can't find profile directory.
console.warn: SearchSettings: "get: No settings file exists, new profile?" (new Error("", "(unknown module)"))
1604047549943	Marionette	INFO	Listening on port 62023
1604047550407	Marionette	WARN	TLS certificate errors will be ignored for this session
WARNING: At least one completion condition is taking too long to complete. Conditions: [{"name":"ContentParent: id=2120a800","state":{"remoteTypePrefix":"web"},"filename":"/builds/worker/checkouts/gecko/dom/ipc/ContentParent.cpp","lineNumber":3251,"stack":["resource://gre/modules/nsAsyncShutdown.jsm:addBlocker:162","chrome://global/content/elements/browser-custom-element.js:get loadContext:364","chrome://global/content/elements/browser-custom-element.js:construct:1066","chrome://global/content/elements/browser-custom-element.js:connectedCallback:302","chrome://browser/content/tabbrowser.js:_setupInitialBrowserAndTab:387","chrome://browser/content/tabbrowser.js:init:48","chrome://browser/content/browser.js:onDOMContentLoaded:1780"]}] Barrier: profile-before-change
JavaScript error: resource:///modules/sessionstore/SessionStore.jsm, line 2274: TypeError: subject.QueryInterface is not a function
A content process crashed and MOZ_CRASHREPORTER_SHUTDOWN is set, shutting down
1604047631811	Marionette	INFO	Stopped listening on port 62023

###!!! [Child][RunMessage] Error: Channel closing: too late to send/recv, messages will be lost


###!!! [Child][MessageChannel::SendAndWait] Error: Channel error: cannot send/recv

1604047633962	geckodriver	INFO	Listening on 127.0.0.1:62080
1604047637008	mozrunner::runner	INFO	Running command: "C:\\Program Files (x86)\\Mozilla Firefox\\firefox.exe" "--marionette" "-foreground" "-no-remote" "-profile" "C:\\Users\\Saignol\\AppData\\Local\\Temp\\rust_mozprofilevAmr76"
Can't find symbol 'eglSwapBuffersWithDamageEXT'.
JavaScript error: resource://gre/modules/XULStore.jsm, line 66: Error: Can't find profile directory.
console.warn: SearchSettings: "get: No settings file exists, new profile?" (new Error("", "(unknown module)"))
1604047640129	Marionette	INFO	Listening on port 62088
1604047640210	Marionette	WARN	TLS certificate errors will be ignored for this session
1604047652792	Marionette	INFO	Stopped listening on port 62088

###!!! [Child][RunMessage] Error: Channel closing: too late to send/recv, messages will be lost


###!!! [Child][MessageChannel::SendAndWait] Error: Channel error: cannot send/recv

1604047866225	geckodriver	INFO	Listening on 127.0.0.1:62153
1604047869262	mozrunner::runner	INFO	Running command: "C:\\Program Files (x86)\\Mozilla Firefox\\firefox.exe" "--marionette" "-foreground" "-no-remote" "-profile" "C:\\Users\\Saignol\\AppData\\Local\\Temp\\rust_mozprofilenw7AWW"
Can't find symbol 'eglSwapBuffersWithDamageEXT'.
JavaScript error: resource://gre/modules/XULStore.jsm, line 66: Error: Can't find profile directory.
console.warn: SearchSettings: "get: No settings file exists, new profile?" (new Error("", "(unknown module)"))
1604047872400	Marionette	INFO	Listening on port 62161
1604047872489	Marionette	WARN	TLS certificate errors will be ignored for this session
1604047879758	Marionette	INFO	Stopped listening on port 62161

###!!! [Child][RunMessage] Error: Channel closing: too late to send/recv, messages will be lost


###!!! [Child][MessageChannel::SendAndWait] Error: Channel error: cannot send/recv

1604047895286	geckodriver	INFO	Listening on 127.0.0.1:62204
1604047898308	mozrunner::runner	INFO	Running command: "C:\\Program Files (x86)\\Mozilla Firefox\\firefox.exe" "--marionette" "-foreground" "-no-remote" "-profile" "C:\\Users\\Saignol\\AppData\\Local\\Temp\\rust_mozprofilef1dX34"
Can't find symbol 'eglSwapBuffersWithDamageEXT'.
JavaScript error: resource://gre/modules/XULStore.jsm, line 66: Error: Can't find profile directory.
console.warn: SearchSettings: "get: No settings file exists, new profile?" (new Error("", "(unknown module)"))
1604047901329	Marionette	INFO	Listening on port 62212
1604047901515	Marionette	WARN	TLS certificate errors will be ignored for this session
WARNING: At least one completion condition is taking too long to complete. Conditions: [{"name":"ContentParent: id=21a26000","state":{"remoteTypePrefix":"web"},"filename":"/builds/worker/checkouts/gecko/dom/ipc/ContentParent.cpp","lineNumber":3251,"stack":["resource://gre/modules/nsAsyncShutdown.jsm:addBlocker:162","chrome://global/content/elements/browser-custom-element.js:get loadContext:364","chrome://global/content/elements/browser-custom-element.js:construct:1066","chrome://global/content/elements/browser-custom-element.js:connectedCallback:302","chrome://browser/content/tabbrowser.js:_setupInitialBrowserAndTab:387","chrome://browser/content/tabbrowser.js:init:48","chrome://browser/content/browser.js:onDOMContentLoaded:1780"]}] Barrier: profile-before-change
JavaScript error: resource:///modules/sessionstore/SessionStore.jsm, line 2274: TypeError: subject.QueryInterface is not a function
A content process crashed and MOZ_CRASHREPORTER_SHUTDOWN is set, shutting down

###!!! [Parent][MessageChannel] Error: (msgtype=0xAB0001,name=PVsync::Msg_Notify) Channel error: cannot send/recv

1604048199104	Marionette	INFO	Stopped listening on port 62212

###!!! [Child][RunMessage] Error: Channel closing: too late to send/recv, messages will be lost


###!!! [Child][MessageChannel::SendAndWait] Error: Channel error: cannot send/recv

1604048777195	geckodriver	INFO	Listening on 127.0.0.1:62451
1604048780199	mozrunner::runner	INFO	Running command: "C:\\Program Files (x86)\\Mozilla Firefox\\firefox.exe" "--marionette" "-foreground" "-no-remote" "-profile" "C:\\Users\\Saignol\\AppData\\Local\\Temp\\rust_mozprofileC79e6a"
Can't find symbol 'eglSwapBuffersWithDamageEXT'.
JavaScript error: resource://gre/modules/XULStore.jsm, line 66: Error: Can't find profile directory.
console.warn: SearchSettings: "get: No settings file exists, new profile?" (new Error("", "(unknown module)"))
1604048783404	Marionette	INFO	Listening on port 62459
1604048783922	Marionette	WARN	TLS certificate errors will be ignored for this session
WARNING: At least one completion condition is taking too long to complete. Conditions: [{"name":"ContentParent: id=21f0b800","state":{"remoteTypePrefix":"web"},"filename":"/builds/worker/checkouts/gecko/dom/ipc/ContentParent.cpp","lineNumber":3251,"stack":["resource://gre/modules/nsAsyncShutdown.jsm:addBlocker:162","chrome://global/content/elements/browser-custom-element.js:get loadContext:364","chrome://global/content/elements/browser-custom-element.js:construct:1066","chrome://global/content/elements/browser-custom-element.js:connectedCallback:302","chrome://browser/content/tabbrowser.js:_setupInitialBrowserAndTab:387","chrome://browser/content/tabbrowser.js:init:48","chrome://browser/content/browser.js:onDOMContentLoaded:1780"]}] Barrier: profile-before-change
JavaScript error: resource:///modules/sessionstore/SessionStore.jsm, line 2274: TypeError: subject.QueryInterface is not a function
A content process crashed and MOZ_CRASHREPORTER_SHUTDOWN is set, shutting down
1604049040336	Marionette	INFO	Stopped listening on port 62459

###!!! [Child][RunMessage] Error: Channel closing: too late to send/recv, messages will be lost


###!!! [Child][MessageChannel::SendAndWait] Error: Channel error: cannot send/recv

1604049333148	geckodriver	INFO	Listening on 127.0.0.1:62569
1604049336165	mozrunner::runner	INFO	Running command: "C:\\Program Files (x86)\\Mozilla Firefox\\firefox.exe" "--marionette" "-foreground" "-no-remote" "-profile" "C:\\Users\\Saignol\\AppData\\Local\\Temp\\rust_mozprofilep7e4WZ"
Can't find symbol 'eglSwapBuffersWithDamageEXT'.
JavaScript error: resource://gre/modules/XULStore.jsm, line 66: Error: Can't find profile directory.
console.warn: SearchSettings: "get: No settings file exists, new profile?" (new Error("", "(unknown module)"))
1604049340475	Marionette	INFO	Listening on port 62577
1604049340632	Marionette	WARN	TLS certificate errors will be ignored for this session
1604049391699	Marionette	INFO	Stopped listening on port 62577

###!!! [Child][RunMessage] Error: Channel closing: too late to send/recv, messages will be lost


###!!! [Child][MessageChannel::SendAndWait] Error: Channel error: cannot send/recv

1604049392868	geckodriver	INFO	Listening on 127.0.0.1:62625
1604049395882	mozrunner::runner	INFO	Running command: "C:\\Program Files (x86)\\Mozilla Firefox\\firefox.exe" "--marionette" "-foreground" "-no-remote" "-profile" "C:\\Users\\Saignol\\AppData\\Local\\Temp\\rust_mozprofilexrpoo1"
Can't find symbol 'eglSwapBuffersWithDamageEXT'.
JavaScript error: resource://gre/modules/XULStore.jsm, line 66: Error: Can't find profile directory.
console.warn: SearchSettings: "get: No settings file exists, new profile?" (new Error("", "(unknown module)"))
1604049398970	Marionette	INFO	Listening on port 62633
1604049399099	Marionette	WARN	TLS certificate errors will be ignored for this session
1604049408633	Marionette	INFO	Stopped listening on port 62633

###!!! [Child][RunMessage] Error: Channel closing: too late to send/recv, messages will be lost


###!!! [Child][MessageChannel::SendAndWait] Error: Channel error: cannot send/recv

1604049504627	geckodriver	INFO	Listening on 127.0.0.1:62681
1604049507642	mozrunner::runner	INFO	Running command: "C:\\Program Files (x86)\\Mozilla Firefox\\firefox.exe" "--marionette" "-foreground" "-no-remote" "-profile" "C:\\Users\\Saignol\\AppData\\Local\\Temp\\rust_mozprofileUltucM"
Can't find symbol 'eglSwapBuffersWithDamageEXT'.
JavaScript error: resource://gre/modules/XULStore.jsm, line 66: Error: Can't find profile directory.
console.warn: SearchSettings: "get: No settings file exists, new profile?" (new Error("", "(unknown module)"))
1604049510762	Marionette	INFO	Listening on port 62689
1604049510845	Marionette	WARN	TLS certificate errors will be ignored for this session
1604049529336	Marionette	INFO	Stopped listening on port 62689

###!!! [Child][RunMessage] Error: Channel closing: too late to send/recv, messages will be lost


###!!! [Child][MessageChannel::SendAndWait] Error: Channel error: cannot send/recv

1604049709070	geckodriver	INFO	Listening on 127.0.0.1:62757
1604049712078	mozrunner::runner	INFO	Running command: "C:\\Program Files (x86)\\Mozilla Firefox\\firefox.exe" "--marionette" "-foreground" "-no-remote" "-profile" "C:\\Users\\Saignol\\AppData\\Local\\Temp\\rust_mozprofileBk61UK"
Can't find symbol 'eglSwapBuffersWithDamageEXT'.
JavaScript error: resource://gre/modules/XULStore.jsm, line 66: Error: Can't find profile directory.
console.warn: SearchSettings: "get: No settings file exists, new profile?" (new Error("", "(unknown module)"))
1604049715088	Marionette	INFO	Listening on port 62766
1604049715276	Marionette	WARN	TLS certificate errors will be ignored for this session
1604049750990	Marionette	INFO	Stopped listening on port 62761604049751413	mozrunner::runner	INFO	Running command: "C:\\Program Files (x86)\\Mozilla Firefox\\firefox.exe" "--marionette" "-foreground" "-no-remote" "-profile" "C:\\Users\\Saignol\\AppData\\Local\\Temp\\rust_mozprofiledZxgVA"
Can't find symbol 'eglSwapBuffersWithDamageEXT'.
JavaScript error: resource://gre/modules/XULStore.jsm, line 66: Error: Can't find profile directory.
console.warn: SearchSettings: "get: No settings file exists, new profile?" (new Error("", "(unknown module)"))
1604049754405	Marionette	INFO	Listening on port 62816
1604049754646	Marionette	WARN	TLS certificate errors will be ignored for this session
1604049795179	Marionette	INFO	Stopped listening on port 62816

###!!! [Child][RunMessage] Error: Channel closing: too late to send/recv, messages will be lost


###!!! [Child][MessageChannel::SendAndWait] Error: Channel error: cannot send/recv

\Local\\Temp\\rust_mozprofileJnf1a4"
Can't find symbol 'eglSwapBuffersWithDamageEXT'.
JavaScript error: resource://gre/modules/XULStore.jsm, line 66: Error: Can't find profile directory.
console.warn: SearchSettings: "get: No settings file exists, new profile?" (new Error("", "(unknown module)"))
1604049779788	Marionette	INFO	Listening on port 62863
1604049779991	Marionette	WARN	TLS certificate errors will be ignored for this session
1604049794483	Marionette	INFO	Stopped listening on port 62863

###!!! [Child][RunMessage] Error: Channel closing: too late to send/recv, messages will be lost


###!!! [Child][MessageChannel::SendAndWait] Error: Channel error: cannot send/recv

1604049872106	geckodriver	INFO	Listening on 127.0.0.1:62917
1604049875115	mozrunner::runner	INFO	Running command: "C:\\Program Files (x86)\\Mozilla Firefox\\firefox.exe" "--marionette" "-foreground" "-no-remote" "-profile" "C:\\Users\\Saignol\\AppData\\Local\\Temp\\rust_mozprofileCDfewq"
Can't find symbol 'eglSwapBuffersWithDamageEXT'.
JavaScript error: resource://gre/modules/XULStore.jsm, line 66: Error: Can't find profile directory.
console.warn: SearchSettings: "get: No settings file exists, new profile?" (new Error("", "(unknown module)"))
1604049878179	Marionette	INFO	Listening on port 62925
1604049878307	Marionette	WARN	TLS certificate errors will be ignored for this session
1604049896970	Marionette	INFO	Stopped listening on port 62925

###!!! [Child][RunMessage] Error: Channel closing: too late to send/recv, messages will be lost


###!!! [Child][MessageChannel::SendAndWait] Error: Channel error: cannot send/recv

1604050077165	geckodriver	INFO	Listening on 127.0.0.1:62984
1604050080152	mozrunner::runner	INFO	Running command: "C:\\Program Files (x86)\\Mozilla Firefox\\firefox.exe" "--marionette" "-foreground" "-no-remote" "-profile" "C:\\Users\\Saignol\\AppData\\Local\\Temp\\rust_mozprofileLxZ9x7"
Can't find symbol 'eglSwapBuffersWithDamageEXT'.
JavaScript error: resource://gre/modules/XULStore.jsm, line 66: Error: Can't find profile directory.
console.warn: SearchSettings: "get: No settings file exists, new profile?" (new Error("", "(unknown module)"))
1604050083266	Marionette	INFO	Listening on port 62993
1604050083355	Marionette	WARN	TLS certificate errors will be ignored for this session
1604050093490	Marionette	INFO	Stopped listening on port 62993

###!!! [Child][RunMessage] Error: Channel closing: too late to send/recv, messages will be lost


###!!! [Child][MessageChannel::SendAndWait] Error: Channel error: cannot send/recv

1604050152769	geckodriver	INFO	Listening on 127.0.0.1:63046
1604050155797	mozrunner::runner	INFO	Running command: "C:\\Program Files (x86)\\Mozilla Firefox\\firefox.exe" "--marionette" "-foreground" "-no-remote" "-profile" "C:\\Users\\Saignol\\AppData\\Local\\Temp\\rust_mozprofileKG9ULY"
Can't find symbol 'eglSwapBuffersWithDamageEXT'.
JavaScript error: resource://gre/modules/XULStore.jsm, line 66: Error: Can't find profile directory.
console.warn: SearchSettings: "get: No settings file exists, new profile?" (new Error("", "(unknown module)"))
1604050158909	Marionette	INFO	Listening on port 63054
1604050158997	Marionette	WARN	TLS certificate errors will be ignored for this session
1604050169119	Marionette	INFO	Stopped listening on port 63054

###!!! [Child][RunMessage] Error: Channel closing: too late to send/recv, messages will be lost


###!!! [Child][MessageChannel::SendAndWait] Error: Channel error: cannot send/recv

1604054104901	geckodriver	INFO	Listening on 127.0.0.1:65511
1604054107884	mozrunner::runner	INFO	Running command: "C:\\Program Files (x86)\\Mozilla Firefox\\firefox.exe" "--marionette" "-foreground" "-no-remote" "-profile" "C:\\Users\\Saignol\\AppData\\Local\\Temp\\rust_mozprofileGVeYxC"
Can't find symbol 'eglSwapBuffersWithDamageEXT'.
JavaScript error: resource://gre/modules/XULStore.jsm, line 66: Error: Can't find profile directory.
console.warn: SearchSettings: "get: No settings file exists, new profile?" (new Error("", "(unknown module)"))
1604054114067	Marionette	INFO	Listening on port 65521
1604054114299	Marionette	WARN	TLS certificate errors will be ignored for this session
1604054207498	Marionette	INFO	Stopped listening on port 65521

###!!! [Child][RunMessage] Error: Channel closing: too late to send/recv, messages will be lost


###!!! [Child][MessageChannel::SendAndWait] Error: Channel error: cannot send/recv

1604054713848	geckodriver	INFO	Listening on 127.0.0.1:49816
1604054716862	mozrunner::runner	INFO	Running command: "C:\\Program Files (x86)\\Mozilla Firefox\\firefox.exe" "--marionette" "-foreground" "-no-remote" "-profile" "C:\\Users\\Saignol\\AppData\\Local\\Temp\\rust_mozprofilernsflC"
Can't find symbol 'eglSwapBuffersWithDamageEXT'.
JavaScript error: resource://gre/modules/XULStore.jsm, line 66: Error: Can't find profile directory.
console.warn: SearchSettings: "get: No settings file exists, new profile?" (new Error("", "(unknown module)"))
1604054722326	Marionette	INFO	Listening on port 49825
1604054722743	Marionette	WARN	TLS certificate errors will be ignored for this session
1604054820555	Marionette	INFO	Stopped listening on port 49825

###!!! [Child][RunMessage] Error: Channel closing: too late to send/recv, messages will be lost


###!!! [Child][MessageChannel::SendAndWait] Error: Channel error: cannot send/recv

1604063165464	geckodriver	INFO	Listening on 127.0.0.1:54696
1604063168478	mozrunner::runner	INFO	Running command: "C:\\Program Files (x86)\\Mozilla Firefox\\firefox.exe" "--marionette" "-foreground" "-no-remote" "-profile" "C:\\Users\\Saignol\\AppData\\Local\\Temp\\rust_mozprofileJb3uYy"
Can't find symbol 'eglSwapBuffersWithDamageEXT'.
JavaScript error: resource://gre/modules/XULStore.jsm, line 66: Error: Can't find profile directory.
console.warn: SearchSettings: "get: No settings file exists, new profile?" (new Error("", "(unknown module)"))
1604063171796	Marionette	INFO	Listening on port 54705
1604063172201	Marionette	WARN	TLS certificate errors will be ignored for this session
1604063261337	Marionette	INFO	Stopped listening on port 54705

###!!! [Child][RunMessage] Error: Channel closing: too late to send/recv, messages will be lost


###!!! [Child][MessageChannel::SendAndWait] Error: Channel error: cannot send/recv

